<?xml version="1.0" encoding="UTF-8"?>
<!-- Generated by org.testng.reporters.JUnitReportReporter -->
<testsuite skipped="0" hostname="DESKTOP-MH5211V" name="TestNG_example.TestNG_example.myClass" tests="1" failures="0" timestamp="01 Nov 2019 21:01:39 GMT" time="0.025" errors="0">
  <testcase name="test1" time="0.025" classname="TestNG_example.TestNG_example.myClass"/>
</testsuite> <!-- TestNG_example.TestNG_example.myClass -->
